Setting --verbose (verbose) to 1
Setting --verbose (verbose) to 1
Setting --output-document (outputdocument) to /dev/stdout
Setting --output-document (outputdocument) to /dev/stdout
DEBUG output created by Wget 1.20.3 on linux-gnu.

Reading HSTS entries from /home/jackool/.wget-hsts
URI encoding = 'ISO-8859-1'
iconv UTF-8 -> ISO-8859-1
iconv outlen=294 inlen=147
converted 'https://api.steampowered.com/ISteamUserStats/GetUserStatsForGame/v0002/?appid=394690&key=SNIPPED&steamid=76561197980695454' (ISO-8859-1) -> 'https://api.steampowered.com/ISteamUserStats/GetUserStatsForGame/v0002/?appid=394690&key=SNIPPED&steamid=76561197980695454' (UTF-8)
--2021-04-25 06:00:04--  https://api.steampowered.com/ISteamUserStats/GetUserStatsForGame/v0002/?appid=394690&key=SNIPPED&steamid=76561197980695454
Resolving api.steampowered.com (api.steampowered.com)... 23.77.75.2
Caching api.steampowered.com => 23.77.75.2
Connecting to api.steampowered.com (api.steampowered.com)|23.77.75.2|:443... connected.
Created socket 4.
Releasing 0x0000558d28b84760 (new refcount 1).
Initiating SSL handshake.
Handshake successful; connected socket 4 to SSL handle 0x0000558d28b84950
certificate:
  subject: CN=store.steampowered.com,O=Valve Corp,L=Bellevue,ST=Washington,C=US,serialNumber=602 290 773,jurisdictionST=Washington,jurisdictionC=US,businessCategory=Private Organization
  issuer:  CN=DigiCert SHA2 Extended Validation Server CA,OU=www.digicert.com,O=DigiCert Inc,C=US
X509 certificate successfully verified and matches host api.steampowered.com

---request begin---
GET /ISteamUserStats/GetUserStatsForGame/v0002/?appid=394690&key=SNIPPED&steamid=76561197980695454 HTTP/1.1
User-Agent: Wget/1.20.3 (linux-gnu)
Accept: */*
Accept-Encoding: identity
Host: api.steampowered.com
Connection: Keep-Alive

---request end---
HTTP request sent, awaiting response... 
---response begin---
HTTP/1.1 200 OK
Content-Type: application/json; charset=UTF-8
Vary: Accept-Encoding
Expires: Sun, 25 Apr 2021 10:05:50 GMT
Date: Sun, 25 Apr 2021 10:00:50 GMT
Content-Length: 41053
Connection: keep-alive

---response end---

  HTTP/1.1 200 OK
  Content-Type: application/json; charset=UTF-8
  Vary: Accept-Encoding
  Expires: Sun, 25 Apr 2021 10:05:50 GMT
  Date: Sun, 25 Apr 2021 10:00:50 GMT
  Content-Length: 41053
  Connection: keep-alive
Registered socket 4 for persistent reuse.
URI content encoding = 'UTF-8'
Length: 41053 (40K) [application/json]
Saving to: '/dev/stdout'

     0K .......... .......... .......... ..........           100% 1.55M=0.03s

2021-04-25 06:00:04 (1.55 MB/s) - '/dev/stdout' saved [41053/41053]

