Setting --verbose (verbose) to 1
Setting --verbose (verbose) to 1
Setting --output-document (outputdocument) to /dev/stdout
Setting --output-document (outputdocument) to /dev/stdout
DEBUG output created by Wget 1.20.3 on linux-gnu.

Reading HSTS entries from /home/jackool/.wget-hsts
URI encoding = 'ISO-8859-1'
iconv UTF-8 -> ISO-8859-1
iconv outlen=294 inlen=147
converted 'https://api.steampowered.com/ISteamUserStats/GetUserStatsForGame/v0002/?appid=394690&key=SNIPPED&steamid=76561198056506073' (ISO-8859-1) -> 'https://api.steampowered.com/ISteamUserStats/GetUserStatsForGame/v0002/?appid=394690&key=SNIPPED&steamid=76561198056506073' (UTF-8)
--2021-05-10 14:00:12--  https://api.steampowered.com/ISteamUserStats/GetUserStatsForGame/v0002/?appid=394690&key=SNIPPED&steamid=76561198056506073
Resolving api.steampowered.com (api.steampowered.com)... 104.75.66.171
Caching api.steampowered.com => 104.75.66.171
Connecting to api.steampowered.com (api.steampowered.com)|104.75.66.171|:443... connected.
Created socket 4.
Releasing 0x00005651ef413760 (new refcount 1).
Initiating SSL handshake.
Handshake successful; connected socket 4 to SSL handle 0x00005651ef413950
certificate:
  subject: CN=store.steampowered.com,O=Valve Corp,L=Bellevue,ST=Washington,C=US,serialNumber=602 290 773,jurisdictionST=Washington,jurisdictionC=US,businessCategory=Private Organization
  issuer:  CN=DigiCert SHA2 Extended Validation Server CA,OU=www.digicert.com,O=DigiCert Inc,C=US
X509 certificate successfully verified and matches host api.steampowered.com

---request begin---
GET /ISteamUserStats/GetUserStatsForGame/v0002/?appid=394690&key=SNIPPED&steamid=76561198056506073 HTTP/1.1
User-Agent: Wget/1.20.3 (linux-gnu)
Accept: */*
Accept-Encoding: identity
Host: api.steampowered.com
Connection: Keep-Alive

---request end---
HTTP request sent, awaiting response... 
---response begin---
HTTP/1.1 504 Gateway Time-out
Server: AkamaiGHost
Mime-Version: 1.0
Content-Type: text/html
Content-Length: 251
Expires: Mon, 10 May 2021 18:03:16 GMT
Date: Mon, 10 May 2021 18:03:16 GMT
Connection: keep-alive

---response end---

  HTTP/1.1 504 Gateway Time-out
  Server: AkamaiGHost
  Mime-Version: 1.0
  Content-Type: text/html
  Content-Length: 251
  Expires: Mon, 10 May 2021 18:03:16 GMT
  Date: Mon, 10 May 2021 18:03:16 GMT
  Connection: keep-alive
Registered socket 4 for persistent reuse.
Skipping 251 bytes of body: [<HTML><HEAD>
<TITLE>Gateway Timeout - In read </TITLE>
</HEAD><BODY>
<H1>Gateway Timeout</H1>
The proxy server did not receive a timely response from the upstream server.<P>
Reference&#32;&#35;1&#46;1eecef50&#46;1620669796&#46;156c0d33
</BODY></HTML>
] done.
Retrying.

--2021-05-10 14:02:21--  (try: 2)  https://api.steampowered.com/ISteamUserStats/GetUserStatsForGame/v0002/?appid=394690&key=SNIPPED&steamid=76561198056506073
Reusing existing connection to api.steampowered.com:443.
Reusing fd 4.

---request begin---
GET /ISteamUserStats/GetUserStatsForGame/v0002/?appid=394690&key=SNIPPED&steamid=76561198056506073 HTTP/1.1
User-Agent: Wget/1.20.3 (linux-gnu)
Accept: */*
Accept-Encoding: identity
Host: api.steampowered.com
Connection: Keep-Alive

---request end---
HTTP request sent, awaiting response... 
---response begin---
HTTP/1.1 200 OK
Content-Type: application/json; charset=UTF-8
Vary: Accept-Encoding
Expires: Mon, 10 May 2021 18:09:02 GMT
Date: Mon, 10 May 2021 18:06:37 GMT
Content-Length: 41602
Connection: keep-alive

---response end---

  HTTP/1.1 200 OK
  Content-Type: application/json; charset=UTF-8
  Vary: Accept-Encoding
  Expires: Mon, 10 May 2021 18:09:02 GMT
  Date: Mon, 10 May 2021 18:06:37 GMT
  Content-Length: 41602
  Connection: keep-alive
URI content encoding = 'UTF-8'
Length: 41602 (41K) [application/json]
Saving to: '/dev/stdout'

     0K .......... .......... .......... ..........           100%  226K=0.2s

2021-05-10 14:05:41 (226 KB/s) - '/dev/stdout' saved [41602/41602]

