Setting --verbose (verbose) to 1
Setting --verbose (verbose) to 1
Setting --output-document (outputdocument) to /dev/stdout
Setting --output-document (outputdocument) to /dev/stdout
DEBUG output created by Wget 1.20.3 on linux-gnu.

Reading HSTS entries from /home/jackool/.wget-hsts
URI encoding = 'ISO-8859-1'
iconv UTF-8 -> ISO-8859-1
iconv outlen=294 inlen=147
converted 'https://api.steampowered.com/ISteamUserStats/GetUserStatsForGame/v0002/?appid=394690&key=SNIPPED&steamid=76561198096770137' (ISO-8859-1) -> 'https://api.steampowered.com/ISteamUserStats/GetUserStatsForGame/v0002/?appid=394690&key=SNIPPED&steamid=76561198096770137' (UTF-8)
--2021-04-25 18:00:01--  https://api.steampowered.com/ISteamUserStats/GetUserStatsForGame/v0002/?appid=394690&key=SNIPPED&steamid=76561198096770137
Resolving api.steampowered.com (api.steampowered.com)... 104.86.15.75
Caching api.steampowered.com => 104.86.15.75
Connecting to api.steampowered.com (api.steampowered.com)|104.86.15.75|:443... connected.
Created socket 4.
Releasing 0x0000555fcb990760 (new refcount 1).
Initiating SSL handshake.
Handshake successful; connected socket 4 to SSL handle 0x0000555fcb990950
certificate:
  subject: CN=store.steampowered.com,O=Valve Corp,L=Bellevue,ST=Washington,C=US,serialNumber=602 290 773,jurisdictionST=Washington,jurisdictionC=US,businessCategory=Private Organization
  issuer:  CN=DigiCert SHA2 Extended Validation Server CA,OU=www.digicert.com,O=DigiCert Inc,C=US
X509 certificate successfully verified and matches host api.steampowered.com

---request begin---
GET /ISteamUserStats/GetUserStatsForGame/v0002/?appid=394690&key=SNIPPED&steamid=76561198096770137 HTTP/1.1
User-Agent: Wget/1.20.3 (linux-gnu)
Accept: */*
Accept-Encoding: identity
Host: api.steampowered.com
Connection: Keep-Alive

---request end---
HTTP request sent, awaiting response... 
---response begin---
HTTP/1.1 503 Service Unavailable
Server: AkamaiGHost
Mime-Version: 1.0
Content-Type: text/html
Content-Length: 176
Expires: Sun, 25 Apr 2021 22:00:47 GMT
Date: Sun, 25 Apr 2021 22:00:47 GMT
Connection: keep-alive

---response end---

  HTTP/1.1 503 Service Unavailable
  Server: AkamaiGHost
  Mime-Version: 1.0
  Content-Type: text/html
  Content-Length: 176
  Expires: Sun, 25 Apr 2021 22:00:47 GMT
  Date: Sun, 25 Apr 2021 22:00:47 GMT
  Connection: keep-alive
Registered socket 4 for persistent reuse.
Skipping 176 bytes of body: [<HTML><HEAD><TITLE>Error</TITLE></HEAD><BODY>
An error occurred while processing your request.<p>
Reference&#32;&#35;102&#46;bd724217&#46;1619388047&#46;31af9bf
</BODY></HTML>
] done.
2021-04-25 18:00:01 ERROR 503: Service Unavailable.

